# JRE version: OpenJDK Runtime Environment (8.0_242-b01) (build 1.8.0_242-release-1644-b01)
# Java VM: OpenJDK 64-Bit Server VM (25.242-b01 mixed mode windows-amd64 compressed oops)
Heap:
 PSYoungGen      total 72704K, used 37538K [0x00000000e0000000, 0x00000000e5400000, 0x0000000100000000)
  eden space 63488K, 44% used [0x00000000e0000000,0x00000000e1bab538,0x00000000e3e00000)
  from space 9216K, 99% used [0x00000000e4b00000,0x00000000e53fd300,0x00000000e5400000)
  to   space 11264K, 0% used [0x00000000e3e00000,0x00000000e3e00000,0x00000000e4900000)
 ParOldGen       total 87552K, used 20027K [0x00000000a0000000, 0x00000000a5580000, 0x00000000e0000000)
  object space 87552K, 22% used [0x00000000a0000000,0x00000000a138eff0,0x00000000a5580000)
 Metaspace       used 51554K, capacity 53746K, committed 54016K, reserved 1095680K
  class space    used 6870K, capacity 7299K, committed 7424K, reserved 1048576K
GC Heap History (10 events):
Event: 69.844 GC heap before
{Heap before GC invocations=14 (full 2):
 PSYoungGen      total 58368K, used 9338K [0x00000000e0000000, 0x00000000e4900000, 0x0000000100000000)
  eden space 47104K, 0% used [0x00000000e0000000,0x00000000e0000000,0x00000000e2e00000)
  from space 11264K, 82% used [0x00000000e3980000,0x00000000e429eb28,0x00000000e4480000)
  to   space 11776K, 0% used [0x00000000e2e00000,0x00000000e2e00000,0x00000000e3980000)
 ParOldGen       total 62464K, used 7815K [0x00000000a0000000, 0x00000000a3d00000, 0x00000000e0000000)
  object space 62464K, 12% used [0x00000000a0000000,0x00000000a07a1fb0,0x00000000a3d00000)
 Metaspace       used 34352K, capacity 35442K, committed 35496K, reserved 1079296K
  class space    used 4702K, capacity 4972K, committed 4992K, reserved 1048576K
Event: 69.932 GC heap after
Heap after GC invocations=14 (full 2):
 PSYoungGen      total 58368K, used 0K [0x00000000e0000000, 0x00000000e4900000, 0x0000000100000000)
  eden space 47104K, 0% used [0x00000000e0000000,0x00000000e0000000,0x00000000e2e00000)
  from space 11264K, 0% used [0x00000000e3980000,0x00000000e3980000,0x00000000e4480000)
  to   space 11776K, 0% used [0x00000000e2e00000,0x00000000e2e00000,0x00000000e3980000)
 ParOldGen       total 87552K, used 16045K [0x00000000a0000000, 0x00000000a5580000, 0x00000000e0000000)
  object space 87552K, 18% used [0x00000000a0000000,0x00000000a0fab780,0x00000000a5580000)
 Metaspace       used 34352K, capacity 35442K, committed 35496K, reserved 1079296K
  class space    used 4702K, capacity 4972K, committed 4992K, reserved 1048576K
}
Event: 72.849 GC heap before
{Heap before GC invocations=15 (full 2):
 PSYoungGen      total 58368K, used 47104K [0x00000000e0000000, 0x00000000e4900000, 0x0000000100000000)
  eden space 47104K, 100% used [0x00000000e0000000,0x00000000e2e00000,0x00000000e2e00000)
  from space 11264K, 0% used [0x00000000e3980000,0x00000000e3980000,0x00000000e4480000)
  to   space 11776K, 0% used [0x00000000e2e00000,0x00000000e2e00000,0x00000000e3980000)
 ParOldGen       total 87552K, used 16045K [0x00000000a0000000, 0x00000000a5580000, 0x00000000e0000000)
  object space 87552K, 18% used [0x00000000a0000000,0x00000000a0fab780,0x00000000a5580000)
 Metaspace       used 36643K, capacity 38004K, committed 38144K, reserved 1081344K
  class space    used 5013K, capacity 5319K, committed 5376K, reserved 1048576K
Event: 72.855 GC heap after
Heap after GC invocations=15 (full 2):
 PSYoungGen      total 58880K, used 4381K [0x00000000e0000000, 0x00000000e5680000, 0x0000000100000000)
  eden space 47104K, 0% used [0x00000000e0000000,0x00000000e0000000,0x00000000e2e00000)
  from space 11776K, 37% used [0x00000000e2e00000,0x00000000e32475e8,0x00000000e3980000)
  to   space 11776K, 0% used [0x00000000e4b00000,0x00000000e4b00000,0x00000000e5680000)
 ParOldGen       total 87552K, used 16053K [0x00000000a0000000, 0x00000000a5580000, 0x00000000e0000000)
  object space 87552K, 18% used [0x00000000a0000000,0x00000000a0fad780,0x00000000a5580000)
 Metaspace       used 36643K, capacity 38004K, committed 38144K, reserved 1081344K
  class space    used 5013K, capacity 5319K, committed 5376K, reserved 1048576K
}
Event: 80.714 GC heap before
{Heap before GC invocations=16 (full 2):
 PSYoungGen      total 58880K, used 51485K [0x00000000e0000000, 0x00000000e5680000, 0x0000000100000000)
  eden space 47104K, 100% used [0x00000000e0000000,0x00000000e2e00000,0x00000000e2e00000)
  from space 11776K, 37% used [0x00000000e2e00000,0x00000000e32475e8,0x00000000e3980000)
  to   space 11776K, 0% used [0x00000000e4b00000,0x00000000e4b00000,0x00000000e5680000)
 ParOldGen       total 87552K, used 16053K [0x00000000a0000000, 0x00000000a5580000, 0x00000000e0000000)
  object space 87552K, 18% used [0x00000000a0000000,0x00000000a0fad780,0x00000000a5580000)
 Metaspace       used 37658K, capacity 39440K, committed 39680K, reserved 1083392K
  class space    used 5154K, capacity 5547K, committed 5632K, reserved 1048576K
Event: 80.722 GC heap after
Heap after GC invocations=16 (full 2):
 PSYoungGen      total 72704K, used 4311K [0x00000000e0000000, 0x00000000e5400000, 0x0000000100000000)
  eden space 63488K, 0% used [0x00000000e0000000,0x00000000e0000000,0x00000000e3e00000)
  from space 9216K, 46% used [0x00000000e4b00000,0x00000000e4f35ec8,0x00000000e5400000)
  to   space 11264K, 0% used [0x00000000e3e00000,0x00000000e3e00000,0x00000000e4900000)
 ParOldGen       total 87552K, used 16061K [0x00000000a0000000, 0x00000000a5580000, 0x00000000e0000000)
  object space 87552K, 18% used [0x00000000a0000000,0x00000000a0faf780,0x00000000a5580000)
 Metaspace       used 37658K, capacity 39440K, committed 39680K, reserved 1083392K
  class space    used 5154K, capacity 5547K, committed 5632K, reserved 1048576K
}
Event: 86.411 GC heap before
{Heap before GC invocations=17 (full 2):
 PSYoungGen      total 72704K, used 67799K [0x00000000e0000000, 0x00000000e5400000, 0x0000000100000000)
  eden space 63488K, 100% used [0x00000000e0000000,0x00000000e3e00000,0x00000000e3e00000)
  from space 9216K, 46% used [0x00000000e4b00000,0x00000000e4f35ec8,0x00000000e5400000)
  to   space 11264K, 0% used [0x00000000e3e00000,0x00000000e3e00000,0x00000000e4900000)
 ParOldGen       total 87552K, used 16061K [0x00000000a0000000, 0x00000000a5580000, 0x00000000e0000000)
  object space 87552K, 18% used [0x00000000a0000000,0x00000000a0faf780,0x00000000a5580000)
 Metaspace       used 44475K, capacity 46444K, committed 46720K, reserved 1089536K
  class space    used 6023K, capacity 6453K, committed 6528K, reserved 1048576K
Event: 86.434 GC heap after
Heap after GC invocations=17 (full 2):
 PSYoungGen      total 74752K, used 10622K [0x00000000e0000000, 0x00000000e5400000, 0x0000000100000000)
  eden space 63488K, 0% used [0x00000000e0000000,0x00000000e0000000,0x00000000e3e00000)
  from space 11264K, 94% used [0x00000000e3e00000,0x00000000e485fbb8,0x00000000e4900000)
  to   space 9216K, 0% used [0x00000000e4b00000,0x00000000e4b00000,0x00000000e5400000)
 ParOldGen       total 87552K, used 16069K [0x00000000a0000000, 0x00000000a5580000, 0x00000000e0000000)
  object space 87552K, 18% used [0x00000000a0000000,0x00000000a0fb1780,0x00000000a5580000)
 Metaspace       used 44475K, capacity 46444K, committed 46720K, reserved 1089536K
  class space    used 6023K, capacity 6453K, committed 6528K, reserved 1048576K
}
Event: 91.893 GC heap before
{Heap before GC invocations=18 (full 2):
 PSYoungGen      total 74752K, used 74110K [0x00000000e0000000, 0x00000000e5400000, 0x0000000100000000)
  eden space 63488K, 100% used [0x00000000e0000000,0x00000000e3e00000,0x00000000e3e00000)
  from space 11264K, 94% used [0x00000000e3e00000,0x00000000e485fbb8,0x00000000e4900000)
  to   space 9216K, 0% used [0x00000000e4b00000,0x00000000e4b00000,0x00000000e5400000)
 ParOldGen       total 87552K, used 16069K [0x00000000a0000000, 0x00000000a5580000, 0x00000000e0000000)
  object space 87552K, 18% used [0x00000000a0000000,0x00000000a0fb1780,0x00000000a5580000)
 Metaspace       used 50380K, capacity 52448K, committed 52608K, reserved 1095680K
  class space    used 6727K, capacity 7178K, committed 7296K, reserved 1048576K
Event: 91.910 GC heap after
Heap after GC invocations=18 (full 2):
 PSYoungGen      total 72704K, used 9204K [0x00000000e0000000, 0x00000000e5400000, 0x0000000100000000)
  eden space 63488K, 0% used [0x00000000e0000000,0x00000000e0000000,0x00000000e3e00000)
  from space 9216K, 99% used [0x00000000e4b00000,0x00000000e53fd300,0x00000000e5400000)
  to   space 11264K, 0% used [0x00000000e3e00000,0x00000000e3e00000,0x00000000e4900000)
 ParOldGen       total 87552K, used 20027K [0x00000000a0000000, 0x00000000a5580000, 0x00000000e0000000)
  object space 87552K, 22% used [0x00000000a0000000,0x00000000a138eff0,0x00000000a5580000)
 Metaspace       used 50380K, capacity 52448K, committed 52608K, reserved 1095680K
  class space    used 6727K, capacity 7178K, committed 7296K, reserved 1048576K
}

