# JRE version: OpenJDK Runtime Environment (8.0_242-b01) (build 1.8.0_242-release-1644-b01)
# Java VM: OpenJDK 64-Bit Server VM (25.242-b01 mixed mode windows-amd64 compressed oops)
Heap:
 PSYoungGen      total 66560K, used 16934K [0x00000000eab00000, 0x00000000ef780000, 0x0000000100000000)
  eden space 54784K, 28% used [0x00000000eab00000,0x00000000eba44930,0x00000000ee080000)
  from space 11776K, 11% used [0x00000000ee080000,0x00000000ee1c4f60,0x00000000eec00000)
  to   space 9728K, 0% used [0x00000000eee00000,0x00000000eee00000,0x00000000ef780000)
 ParOldGen       total 84480K, used 64026K [0x00000000c0000000, 0x00000000c5280000, 0x00000000eab00000)
  object space 84480K, 75% used [0x00000000c0000000,0x00000000c3e86a68,0x00000000c5280000)
 Metaspace       used 67719K, capacity 72362K, committed 72704K, reserved 1112064K
  class space    used 9164K, capacity 10116K, committed 10240K, reserved 1048576K
GC Heap History (10 events):
Event: 597.162 GC heap before
{Heap before GC invocations=36 (full 3):
 PSYoungGen      total 72192K, used 61024K [0x00000000eab00000, 0x00000000f0080000, 0x0000000100000000)
  eden space 60928K, 100% used [0x00000000eab00000,0x00000000ee680000,0x00000000ee680000)
  from space 11264K, 0% used [0x00000000ef580000,0x00000000ef598000,0x00000000f0080000)
  to   space 13312K, 0% used [0x00000000ee680000,0x00000000ee680000,0x00000000ef380000)
 ParOldGen       total 84480K, used 63979K [0x00000000c0000000, 0x00000000c5280000, 0x00000000eab00000)
  object space 84480K, 75% used [0x00000000c0000000,0x00000000c3e7af88,0x00000000c5280000)
 Metaspace       used 67178K, capacity 71866K, committed 72064K, reserved 1112064K
  class space    used 9131K, capacity 10108K, committed 10112K, reserved 1048576K
Event: 597.166 GC heap after
Heap after GC invocations=36 (full 3):
 PSYoungGen      total 59904K, used 64K [0x00000000eab00000, 0x00000000eff00000, 0x0000000100000000)
  eden space 59392K, 0% used [0x00000000eab00000,0x00000000eab00000,0x00000000ee500000)
  from space 512K, 12% used [0x00000000ee680000,0x00000000ee690000,0x00000000ee700000)
  to   space 13312K, 0% used [0x00000000ef200000,0x00000000ef200000,0x00000000eff00000)
 ParOldGen       total 84480K, used 63979K [0x00000000c0000000, 0x00000000c5280000, 0x00000000eab00000)
  object space 84480K, 75% used [0x00000000c0000000,0x00000000c3e7af88,0x00000000c5280000)
 Metaspace       used 67178K, capacity 71866K, committed 72064K, reserved 1112064K
  class space    used 9131K, capacity 10108K, committed 10112K, reserved 1048576K
}
Event: 641.774 GC heap before
{Heap before GC invocations=37 (full 3):
 PSYoungGen      total 59904K, used 59456K [0x00000000eab00000, 0x00000000eff00000, 0x0000000100000000)
  eden space 59392K, 100% used [0x00000000eab00000,0x00000000ee500000,0x00000000ee500000)
  from space 512K, 12% used [0x00000000ee680000,0x00000000ee690000,0x00000000ee700000)
  to   space 13312K, 0% used [0x00000000ef200000,0x00000000ef200000,0x00000000eff00000)
 ParOldGen       total 84480K, used 63979K [0x00000000c0000000, 0x00000000c5280000, 0x00000000eab00000)
  object space 84480K, 75% used [0x00000000c0000000,0x00000000c3e7af88,0x00000000c5280000)
 Metaspace       used 67180K, capacity 71866K, committed 72064K, reserved 1112064K
  class space    used 9131K, capacity 10108K, committed 10112K, reserved 1048576K
Event: 641.778 GC heap after
Heap after GC invocations=37 (full 3):
 PSYoungGen      total 68608K, used 128K [0x00000000eab00000, 0x00000000efc80000, 0x0000000100000000)
  eden space 57856K, 0% used [0x00000000eab00000,0x00000000eab00000,0x00000000ee380000)
  from space 10752K, 1% used [0x00000000ef200000,0x00000000ef220000,0x00000000efc80000)
  to   space 12800K, 0% used [0x00000000ee380000,0x00000000ee380000,0x00000000ef000000)
 ParOldGen       total 84480K, used 63987K [0x00000000c0000000, 0x00000000c5280000, 0x00000000eab00000)
  object space 84480K, 75% used [0x00000000c0000000,0x00000000c3e7cf88,0x00000000c5280000)
 Metaspace       used 67180K, capacity 71866K, committed 72064K, reserved 1112064K
  class space    used 9131K, capacity 10108K, committed 10112K, reserved 1048576K
}
Event: 668.091 GC heap before
{Heap before GC invocations=38 (full 3):
 PSYoungGen      total 68608K, used 57984K [0x00000000eab00000, 0x00000000efc80000, 0x0000000100000000)
  eden space 57856K, 100% used [0x00000000eab00000,0x00000000ee380000,0x00000000ee380000)
  from space 10752K, 1% used [0x00000000ef200000,0x00000000ef220000,0x00000000efc80000)
  to   space 12800K, 0% used [0x00000000ee380000,0x00000000ee380000,0x00000000ef000000)
 ParOldGen       total 84480K, used 63987K [0x00000000c0000000, 0x00000000c5280000, 0x00000000eab00000)
  object space 84480K, 75% used [0x00000000c0000000,0x00000000c3e7cf88,0x00000000c5280000)
 Metaspace       used 67555K, capacity 72234K, committed 72448K, reserved 1112064K
  class space    used 9161K, capacity 10116K, committed 10240K, reserved 1048576K
Event: 668.100 GC heap after
Heap after GC invocations=38 (full 3):
 PSYoungGen      total 58368K, used 1826K [0x00000000eab00000, 0x00000000efa00000, 0x0000000100000000)
  eden space 56320K, 0% used [0x00000000eab00000,0x00000000eab00000,0x00000000ee200000)
  from space 2048K, 89% used [0x00000000ee380000,0x00000000ee548bd8,0x00000000ee580000)
  to   space 12288K, 0% used [0x00000000eee00000,0x00000000eee00000,0x00000000efa00000)
 ParOldGen       total 84480K, used 63995K [0x00000000c0000000, 0x00000000c5280000, 0x00000000eab00000)
  object space 84480K, 75% used [0x00000000c0000000,0x00000000c3e7ef88,0x00000000c5280000)
 Metaspace       used 67555K, capacity 72234K, committed 72448K, reserved 1112064K
  class space    used 9161K, capacity 10116K, committed 10240K, reserved 1048576K
}
Event: 668.754 GC heap before
{Heap before GC invocations=39 (full 3):
 PSYoungGen      total 58368K, used 58146K [0x00000000eab00000, 0x00000000efa00000, 0x0000000100000000)
  eden space 56320K, 100% used [0x00000000eab00000,0x00000000ee200000,0x00000000ee200000)
  from space 2048K, 89% used [0x00000000ee380000,0x00000000ee548bd8,0x00000000ee580000)
  to   space 12288K, 0% used [0x00000000eee00000,0x00000000eee00000,0x00000000efa00000)
 ParOldGen       total 84480K, used 64002K [0x00000000c0000000, 0x00000000c5280000, 0x00000000eab00000)
  object space 84480K, 75% used [0x00000000c0000000,0x00000000c3e808c0,0x00000000c5280000)
 Metaspace       used 67708K, capacity 72362K, committed 72704K, reserved 1112064K
  class space    used 9164K, capacity 10116K, committed 10240K, reserved 1048576K
Event: 668.765 GC heap after
Heap after GC invocations=39 (full 3):
 PSYoungGen      total 64512K, used 1556K [0x00000000eab00000, 0x00000000ef780000, 0x0000000100000000)
  eden space 54784K, 0% used [0x00000000eab00000,0x00000000eab00000,0x00000000ee080000)
  from space 9728K, 16% used [0x00000000eee00000,0x00000000eef852b0,0x00000000ef780000)
  to   space 11776K, 0% used [0x00000000ee080000,0x00000000ee080000,0x00000000eec00000)
 ParOldGen       total 84480K, used 64010K [0x00000000c0000000, 0x00000000c5280000, 0x00000000eab00000)
  object space 84480K, 75% used [0x00000000c0000000,0x00000000c3e828c0,0x00000000c5280000)
 Metaspace       used 67708K, capacity 72362K, committed 72704K, reserved 1112064K
  class space    used 9164K, capacity 10116K, committed 10240K, reserved 1048576K
}
Event: 669.166 GC heap before
{Heap before GC invocations=40 (full 3):
 PSYoungGen      total 64512K, used 56340K [0x00000000eab00000, 0x00000000ef780000, 0x0000000100000000)
  eden space 54784K, 100% used [0x00000000eab00000,0x00000000ee080000,0x00000000ee080000)
  from space 9728K, 16% used [0x00000000eee00000,0x00000000eef852b0,0x00000000ef780000)
  to   space 11776K, 0% used [0x00000000ee080000,0x00000000ee080000,0x00000000eec00000)
 ParOldGen       total 84480K, used 64018K [0x00000000c0000000, 0x00000000c5280000, 0x00000000eab00000)
  object space 84480K, 75% used [0x00000000c0000000,0x00000000c3e84a68,0x00000000c5280000)
 Metaspace       used 67718K, capacity 72362K, committed 72704K, reserved 1112064K
  class space    used 9164K, capacity 10116K, committed 10240K, reserved 1048576K
Event: 669.180 GC heap after
Heap after GC invocations=40 (full 3):
 PSYoungGen      total 66560K, used 1299K [0x00000000eab00000, 0x00000000ef780000, 0x0000000100000000)
  eden space 54784K, 0% used [0x00000000eab00000,0x00000000eab00000,0x00000000ee080000)
  from space 11776K, 11% used [0x00000000ee080000,0x00000000ee1c4f60,0x00000000eec00000)
  to   space 9728K, 0% used [0x00000000eee00000,0x00000000eee00000,0x00000000ef780000)
 ParOldGen       total 84480K, used 64026K [0x00000000c0000000, 0x00000000c5280000, 0x00000000eab00000)
  object space 84480K, 75% used [0x00000000c0000000,0x00000000c3e86a68,0x00000000c5280000)
 Metaspace       used 67718K, capacity 72362K, committed 72704K, reserved 1112064K
  class space    used 9164K, capacity 10116K, committed 10240K, reserved 1048576K
}

